\BOOKMARK [0][-]{chapter.1}{Goals}{}% 1
\BOOKMARK [1][-]{section.1.1}{Technological Goals}{chapter.1}% 2
\BOOKMARK [1][-]{section.1.2}{Soft Skill Goals}{chapter.1}% 3
\BOOKMARK [1][-]{section.1.3}{Major Takeaways}{chapter.1}% 4
\BOOKMARK [0][-]{chapter.2}{Weekly Reports}{}% 5
\BOOKMARK [1][-]{section.2.1}{Week 9}{chapter.2}% 6
\BOOKMARK [2][-]{subsection.2.1.1}{Reflection}{section.2.1}% 7
\BOOKMARK [1][-]{section.2.2}{Week 10}{chapter.2}% 8
\BOOKMARK [2][-]{subsection.2.2.1}{Reflection}{section.2.2}% 9
\BOOKMARK [1][-]{section.2.3}{Week 12}{chapter.2}% 10
\BOOKMARK [2][-]{subsection.2.3.1}{Reflection}{section.2.3}% 11
\BOOKMARK [1][-]{section.2.4}{Week 13}{chapter.2}% 12
\BOOKMARK [2][-]{subsection.2.4.1}{Reflection}{section.2.4}% 13
\BOOKMARK [1][-]{section.2.5}{Week 14}{chapter.2}% 14
\BOOKMARK [2][-]{subsection.2.5.1}{Reflection}{section.2.5}% 15
\BOOKMARK [1][-]{section.2.6}{Week 15}{chapter.2}% 16
\BOOKMARK [2][-]{subsection.2.6.1}{Reflection}{section.2.6}% 17
\BOOKMARK [1][-]{section.2.7}{Week 16}{chapter.2}% 18
\BOOKMARK [1][-]{section.2.8}{Final Reflective Diary}{chapter.2}% 19
\BOOKMARK [2][-]{subsection.2.8.1}{Ask Questions}{section.2.8}% 20
\BOOKMARK [2][-]{subsection.2.8.2}{Get Familiar With The Tools}{section.2.8}% 21
\BOOKMARK [2][-]{subsection.2.8.3}{Taking Responsibility For Your Work}{section.2.8}% 22
\BOOKMARK [2][-]{subsection.2.8.4}{Ask For Feedback}{section.2.8}% 23
\BOOKMARK [2][-]{subsection.2.8.5}{Setting Goals}{section.2.8}% 24
\BOOKMARK [0][-]{chapter.3}{Executive Summary}{}% 25
\BOOKMARK [1][-]{section.3.1}{Executive Summary}{chapter.3}% 26
\BOOKMARK [0][-]{chapter.4}{Project 1: Multi-Currency Consumer}{}% 27
\BOOKMARK [1][-]{section.4.1}{Introduction}{chapter.4}% 28
\BOOKMARK [1][-]{section.4.2}{Design Approach and Architecture}{chapter.4}% 29
\BOOKMARK [2][-]{subsection.4.2.1}{Model-View-Controller \(MVC\)}{section.4.2}% 30
\BOOKMARK [2][-]{subsection.4.2.2}{Technologies Used}{section.4.2}% 31
\BOOKMARK [1][-]{section.4.3}{Implementation}{chapter.4}% 32
\BOOKMARK [2][-]{subsection.4.3.1}{Standardized Labels and Fields Generator}{section.4.3}% 33
\BOOKMARK [2][-]{subsection.4.3.2}{Kafka Consumer}{section.4.3}% 34
\BOOKMARK [2][-]{subsection.4.3.3}{Pre-building The Request Body}{section.4.3}% 35
\BOOKMARK [2][-]{subsection.4.3.4}{Endpoints}{section.4.3}% 36
\BOOKMARK [2][-]{subsection.4.3.5}{Wrappers for Endpoints}{section.4.3}% 37
\BOOKMARK [1][-]{section.4.4}{Evaluation and Testing}{chapter.4}% 38
\BOOKMARK [2][-]{subsection.4.4.1}{Deployment}{section.4.4}% 39
\BOOKMARK [2][-]{subsection.4.4.2}{Problems encountered}{section.4.4}% 40
\BOOKMARK [1][-]{section.4.5}{Analysis and Possible Changes}{chapter.4}% 41
\BOOKMARK [0][-]{chapter.5}{2: Hublets}{}% 42
\BOOKMARK [1][-]{section.5.1}{Introduction}{chapter.5}% 43
\BOOKMARK [1][-]{section.5.2}{Design and Architecture}{chapter.5}% 44
\BOOKMARK [1][-]{section.5.3}{Implementation}{chapter.5}% 45
\BOOKMARK [2][-]{subsection.5.3.1}{Job Framework}{section.5.3}% 46
\BOOKMARK [2][-]{subsection.5.3.2}{Rewriting Old Data}{section.5.3}% 47
\BOOKMARK [2][-]{subsection.5.3.3}{Refactoring Code for new format}{section.5.3}% 48
\BOOKMARK [1][-]{section.5.4}{Evaluation and Testing}{chapter.5}% 49
\BOOKMARK [1][-]{section.5.5}{Analysis and Possible Changes}{chapter.5}% 50
\BOOKMARK [0][-]{chapter.6}{Conclusion}{}% 51
\BOOKMARK [1][-]{section.6.1}{Final Thoughts}{chapter.6}% 52
