This is pdfTeX, Version 3.14159265-2.6-1.40.21 (MiKTeX 2.9.7300 64-bit) (preloaded format=pdflatex 2020.2.23)  17 NOV 2020 00:02
entering extended mode
**./week6.tex
(week6.tex
LaTeX2e <2020-02-02> patch level 3
L3 programming layer <2020-02-21>
("C:\Users\legua\AppData\Local\Programs\MiKTeX 2.9\tex/latex/base\article.cls"
Document Class: article 2019/12/20 v1.4l Standard LaTeX document class
("C:\Users\legua\AppData\Local\Programs\MiKTeX 2.9\tex/latex/base\size11.clo"
File: size11.clo 2019/12/20 v1.4l Standard LaTeX file (size option)
)
\c@part=\count167
\c@section=\count168
\c@subsection=\count169
\c@subsubsection=\count170
\c@paragraph=\count171
\c@subparagraph=\count172
\c@figure=\count173
\c@table=\count174
\abovecaptionskip=\skip47
\belowcaptionskip=\skip48
\bibindent=\dimen134
) ("C:\Users\legua\AppData\Local\Programs\MiKTeX 2.9\tex/latex/base\inputenc.st
y"
Package: inputenc 2018/08/11 v1.3c Input encoding file
\inpenc@prehook=\toks14
\inpenc@posthook=\toks15
)
("C:\Users\legua\AppData\Local\Programs\MiKTeX 2.9\tex/latex/geometry\geometry.
sty"
Package: geometry 2020/01/02 v5.9 Page Geometry

("C:\Users\legua\AppData\Local\Programs\MiKTeX 2.9\tex/latex/graphics\keyval.st
y"
Package: keyval 2014/10/28 v1.15 key=value parser (DPC)
\KV@toks@=\toks16
)
("C:\Users\legua\AppData\Local\Programs\MiKTeX 2.9\tex/generic/iftex\ifvtex.sty
"
Package: ifvtex 2019/10/25 v1.7 ifvtex legacy package. Use iftex instead.
 ("C:\Users\legua\AppData\Local\Programs\MiKTeX 2.9\tex/generic/iftex\iftex.sty
"
Package: iftex 2019/11/07 v1.0c TeX engine tests
))
\Gm@cnth=\count175
\Gm@cntv=\count176
\c@Gm@tempcnt=\count177
\Gm@bindingoffset=\dimen135
\Gm@wd@mp=\dimen136
\Gm@odd@mp=\dimen137
\Gm@even@mp=\dimen138
\Gm@layoutwidth=\dimen139
\Gm@layoutheight=\dimen140
\Gm@layouthoffset=\dimen141
\Gm@layoutvoffset=\dimen142
\Gm@dimlist=\toks17

("C:\Users\legua\AppData\Local\Programs\MiKTeX 2.9\tex/latex/geometry\geometry.
cfg"))
("C:\Users\legua\AppData\Local\Programs\MiKTeX 2.9\tex/latex/graphics\graphicx.
sty"
Package: graphicx 2019/11/30 v1.2a Enhanced LaTeX Graphics (DPC,SPQR)

("C:\Users\legua\AppData\Local\Programs\MiKTeX 2.9\tex/latex/graphics\graphics.
sty"
Package: graphics 2019/11/30 v1.4a Standard LaTeX Graphics (DPC,SPQR)

("C:\Users\legua\AppData\Local\Programs\MiKTeX 2.9\tex/latex/graphics\trig.sty"
Package: trig 2016/01/03 v1.10 sin cos tan (DPC)
)
("C:\Users\legua\AppData\Local\Programs\MiKTeX 2.9\tex/latex/graphics-cfg\graph
ics.cfg"
File: graphics.cfg 2016/06/04 v1.11 sample graphics configuration
)
Package graphics Info: Driver file: pdftex.def on input line 105.

("C:\Users\legua\AppData\Local\Programs\MiKTeX 2.9\tex/latex/graphics-def\pdfte
x.def"
File: pdftex.def 2018/01/08 v1.0l Graphics/color driver for pdftex
))
\Gin@req@height=\dimen143
\Gin@req@width=\dimen144
)
("C:\Users\legua\AppData\Local\Programs\MiKTeX 2.9\tex/latex/booktabs\booktabs.
sty"
Package: booktabs 2020/01/12 v1.61803398 Publication quality tables
\heavyrulewidth=\dimen145
\lightrulewidth=\dimen146
\cmidrulewidth=\dimen147
\belowrulesep=\dimen148
\belowbottomsep=\dimen149
\aboverulesep=\dimen150
\abovetopsep=\dimen151
\cmidrulesep=\dimen152
\cmidrulekern=\dimen153
\defaultaddspace=\dimen154
\@cmidla=\count178
\@cmidlb=\count179
\@aboverulesep=\dimen155
\@belowrulesep=\dimen156
\@thisruleclass=\count180
\@lastruleclass=\count181
\@thisrulewidth=\dimen157
)
("C:\Users\legua\AppData\Local\Programs\MiKTeX 2.9\tex/latex/tools\array.sty"
Package: array 2019/08/31 v2.4l Tabular extension package (FMi)
\col@sep=\dimen158
\ar@mcellbox=\box45
\extrarowheight=\dimen159
\NC@list=\toks18
\extratabsurround=\skip49
\backup@length=\skip50
\ar@cellbox=\box46
)
("C:\Users\legua\AppData\Local\Programs\MiKTeX 2.9\tex/latex/paralist\paralist.
sty"
Package: paralist 2017/01/22 v2.7 Extended list environments
\pltopsep=\skip51
\plpartopsep=\skip52
\plitemsep=\skip53
\plparsep=\skip54
\pl@lab=\toks19
)
("C:\Users\legua\AppData\Local\Programs\MiKTeX 2.9\tex/latex/tools\verbatim.sty
"
Package: verbatim 2019/11/10 v1.5r LaTeX2e package for verbatim enhancements
\every@verbatim=\toks20
\verbatim@line=\toks21
\verbatim@in@stream=\read2
)
("C:\Users\legua\AppData\Local\Programs\MiKTeX 2.9\tex/latex/subfig\subfig.sty"
Package: subfig 2005/06/28 ver: 1.3 subfig package

("C:\Users\legua\AppData\Local\Programs\MiKTeX 2.9\tex/latex/caption\caption.st
y"
Package: caption 2020/01/03 v3.4h Customizing captions (AR)

("C:\Users\legua\AppData\Local\Programs\MiKTeX 2.9\tex/latex/caption\caption3.s
ty"
Package: caption3 2020/01/03 v1.8h caption3 kernel (AR)
Package caption3 Info: TeX engine: e-TeX on input line 61.
\captionmargin=\dimen160
\captionmargin@=\dimen161
\captionwidth=\dimen162
\caption@tempdima=\dimen163
\caption@indent=\dimen164
\caption@parindent=\dimen165
\caption@hangindent=\dimen166
Package caption Info: Standard document class detected.
)
\c@caption@flags=\count182
\c@continuedfloat=\count183
)
\c@KVtest=\count184
\sf@farskip=\skip55
\sf@captopadj=\dimen167
\sf@capskip=\skip56
\sf@nearskip=\skip57
\c@subfigure=\count185
\c@subfigure@save=\count186
\c@lofdepth=\count187
\c@subtable=\count188
\c@subtable@save=\count189
\c@lotdepth=\count190
\sf@top=\skip58
\sf@bottom=\skip59
)
("C:\Users\legua\AppData\Local\Programs\MiKTeX 2.9\tex/latex/fancyhdr\fancyhdr.
sty"
Package: fancyhdr 2019/01/31 v3.10 Extensive control of page headers and footer
s
\f@nch@headwidth=\skip60
\f@nch@O@elh=\skip61
\f@nch@O@erh=\skip62
\f@nch@O@olh=\skip63
\f@nch@O@orh=\skip64
\f@nch@O@elf=\skip65
\f@nch@O@erf=\skip66
\f@nch@O@olf=\skip67
\f@nch@O@orf=\skip68
)
("C:\Users\legua\AppData\Local\Programs\MiKTeX 2.9\tex/latex/sectsty\sectsty.st
y"
Package: sectsty 2002/02/25 v2.0.2 Commands to change all sectional heading sty
les


LaTeX Warning: Command \underbar  has changed.
               Check if current package is valid.


LaTeX Warning: Command \underline  has changed.
               Check if current package is valid.

)
("C:\Users\legua\AppData\Local\Programs\MiKTeX 2.9\tex/latex/tocbibind\tocbibin
d.sty"
Package: tocbibind 2010/10/13 v1.5k extra ToC listings
Package tocbibind Info: The document has section divisions on input line 50.


Package tocbibind Note: Using section or other style headings.

)
("C:\Users\legua\AppData\Local\Programs\MiKTeX 2.9\tex/latex/tocloft\tocloft.st
y"
Package: tocloft 2017/08/31 v2.3i parameterised ToC, etc., typesetting
Package tocloft Info: The document has section divisions on input line 51.
\cftparskip=\skip69
\cftbeforetoctitleskip=\skip70
\cftaftertoctitleskip=\skip71
\cftbeforepartskip=\skip72
\cftpartnumwidth=\skip73
\cftpartindent=\skip74
\cftbeforesecskip=\skip75
\cftsecindent=\skip76
\cftsecnumwidth=\skip77
\cftbeforesubsecskip=\skip78
\cftsubsecindent=\skip79
\cftsubsecnumwidth=\skip80
\cftbeforesubsubsecskip=\skip81
\cftsubsubsecindent=\skip82
\cftsubsubsecnumwidth=\skip83
\cftbeforeparaskip=\skip84
\cftparaindent=\skip85
\cftparanumwidth=\skip86
\cftbeforesubparaskip=\skip87
\cftsubparaindent=\skip88
\cftsubparanumwidth=\skip89
\cftbeforeloftitleskip=\skip90
\cftafterloftitleskip=\skip91
\cftbeforefigskip=\skip92
\cftfigindent=\skip93
\cftfignumwidth=\skip94
\cftbeforelottitleskip=\skip95
\cftafterlottitleskip=\skip96
\cftbeforetabskip=\skip97
\cfttabindent=\skip98
\cfttabnumwidth=\skip99
\cftbeforesubfigskip=\skip100
\cftsubfigindent=\skip101
\cftsubfignumwidth=\skip102
\cftbeforesubtabskip=\skip103
\cftsubtabindent=\skip104
\cftsubtabnumwidth=\skip105
)
("C:\Users\legua\AppData\Local\Programs\MiKTeX 2.9\tex/latex/l3backend\l3backen
d-pdfmode.def"
File: l3backend-pdfmode.def 2020-02-21 L3 backend support: PDF mode
\l__kernel_color_stack_int=\count191
\l__pdf_internal_box=\box47
) (week6.aux)
\openout1 = `week6.aux'.

LaTeX Font Info:    Checking defaults for OML/cmm/m/it on input line 61.
LaTeX Font Info:    ... okay on input line 61.
LaTeX Font Info:    Checking defaults for OMS/cmsy/m/n on input line 61.
LaTeX Font Info:    ... okay on input line 61.
LaTeX Font Info:    Checking defaults for OT1/cmr/m/n on input line 61.
LaTeX Font Info:    ... okay on input line 61.
LaTeX Font Info:    Checking defaults for T1/cmr/m/n on input line 61.
LaTeX Font Info:    ... okay on input line 61.
LaTeX Font Info:    Checking defaults for TS1/cmr/m/n on input line 61.
LaTeX Font Info:    ... okay on input line 61.
LaTeX Font Info:    Checking defaults for OMX/cmex/m/n on input line 61.
LaTeX Font Info:    ... okay on input line 61.
LaTeX Font Info:    Checking defaults for U/cmr/m/n on input line 61.
LaTeX Font Info:    ... okay on input line 61.

*geometry* driver: auto-detecting
*geometry* detected driver: pdftex
*geometry* verbose mode - [ preamble ] result:
* driver: pdftex
* paper: a4paper
* layout: <same size as paper>
* layoutoffset:(h,v)=(0.0pt,0.0pt)
* modes: 
* h-part:(L,W,R)=(36.135pt, 525.23788pt, 36.135pt)
* v-part:(T,H,B)=(36.135pt, 772.77686pt, 36.135pt)
* \paperwidth=597.50787pt
* \paperheight=845.04684pt
* \textwidth=525.23788pt
* \textheight=772.77686pt
* \oddsidemargin=-36.135pt
* \evensidemargin=-36.135pt
* \topmargin=-73.135pt
* \headheight=12.0pt
* \headsep=25.0pt
* \topskip=11.0pt
* \footskip=30.0pt
* \marginparwidth=59.0pt
* \marginparsep=10.0pt
* \columnsep=10.0pt
* \skip\footins=10.0pt plus 4.0pt minus 2.0pt
* \hoffset=0.0pt
* \voffset=0.0pt
* \mag=1000
* \@twocolumnfalse
* \@twosidefalse
* \@mparswitchfalse
* \@reversemarginfalse
* (1in=72.27pt=25.4mm, 1cm=28.453pt)


("C:\Users\legua\AppData\Local\Programs\MiKTeX 2.9\tex/context/base/mkii\supp-p
df.mkii"
[Loading MPS to PDF converter (version 2006.09.02).]
\scratchcounter=\count192
\scratchdimen=\dimen168
\scratchbox=\box48
\nofMPsegments=\count193
\nofMParguments=\count194
\everyMPshowfont=\toks22
\MPscratchCnt=\count195
\MPscratchDim=\dimen169
\MPnumerator=\count196
\makeMPintoPDFobject=\count197
\everyMPtoPDFconversion=\toks23
)
("C:\Users\legua\AppData\Local\Programs\MiKTeX 2.9\tex/latex/epstopdf-pkg\epsto
pdf-base.sty"
Package: epstopdf-base 2020-01-24 v2.11 Base part for package epstopdf

("C:\Users\legua\AppData\Local\Programs\MiKTeX 2.9\tex/generic/infwarerr\infwar
err.sty"
Package: infwarerr 2019/12/03 v1.5 Providing info/warning/error messages (HO)
)
("C:\Users\legua\AppData\Local\Programs\MiKTeX 2.9\tex/latex/grfext\grfext.sty"
Package: grfext 2019/12/03 v1.3 Manage graphics extensions (HO)

("C:\Users\legua\AppData\Local\Programs\MiKTeX 2.9\tex/generic/kvdefinekeys\kvd
efinekeys.sty"
Package: kvdefinekeys 2019-12-19 v1.6 Define keys (HO)
))
("C:\Users\legua\AppData\Local\Programs\MiKTeX 2.9\tex/latex/kvoptions\kvoption
s.sty"
Package: kvoptions 2019/11/29 v3.13 Key value format for package options (HO)

("C:\Users\legua\AppData\Local\Programs\MiKTeX 2.9\tex/generic/ltxcmds\ltxcmds.
sty"
Package: ltxcmds 2019/12/15 v1.24 LaTeX kernel commands for general use (HO)
)
("C:\Users\legua\AppData\Local\Programs\MiKTeX 2.9\tex/generic/kvsetkeys\kvsetk
eys.sty"
Package: kvsetkeys 2019/12/15 v1.18 Key value parser (HO)
))
("C:\Users\legua\AppData\Local\Programs\MiKTeX 2.9\tex/latex/pdftexcmds\pdftexc
mds.sty"
Package: pdftexcmds 2019/11/24 v0.31 Utility functions of pdfTeX for LuaTeX (HO
)
Package pdftexcmds Info: \pdf@primitive is available.
Package pdftexcmds Info: \pdf@ifprimitive is available.
Package pdftexcmds Info: \pdfdraftmode found.
)
Package epstopdf-base Info: Redefining graphics rule for `.eps' on input line 4
85.
Package grfext Info: Graphics extension search list:
(grfext)             [.pdf,.png,.jpg,.mps,.jpeg,.jbig2,.jb2,.PDF,.PNG,.JPG,.JPE
G,.JBIG2,.JB2,.eps]
(grfext)             \AppendGraphicsExtensions on input line 504.
)
Package caption Info: Begin \AtBeginDocument code.
Package caption Info: subfig package v1.3 is loaded.
Package caption Info: End \AtBeginDocument code.
LaTeX Font Info:    External font `cmex10' loaded for size
(Font)              <12> on input line 62.
LaTeX Font Info:    External font `cmex10' loaded for size
(Font)              <8> on input line 62.
LaTeX Font Info:    External font `cmex10' loaded for size
(Font)              <6> on input line 62.
<kn1.png, id=1, 642.4pt x 481.8pt>
File: kn1.png Graphic file (type png)
<use kn1.png>
Package pdftex.def Info: kn1.png  used on input line 68.
(pdftex.def)             Requested size: 227.62204pt x 170.71304pt.
<kn2.png, id=2, 642.4pt x 481.8pt>
File: kn2.png Graphic file (type png)
<use kn2.png>
Package pdftex.def Info: kn2.png  used on input line 70.
(pdftex.def)             Requested size: 227.62204pt x 170.71304pt.
<kn3.png, id=3, 642.4pt x 481.8pt>
File: kn3.png Graphic file (type png)
<use kn3.png>
Package pdftex.def Info: kn3.png  used on input line 72.
(pdftex.def)             Requested size: 227.62204pt x 170.71304pt.
<kn4.png, id=4, 642.4pt x 481.8pt>
File: kn4.png Graphic file (type png)
<use kn4.png>
Package pdftex.def Info: kn4.png  used on input line 74.
(pdftex.def)             Requested size: 227.62204pt x 170.71304pt.
<kn5.png, id=5, 642.4pt x 481.8pt>
File: kn5.png Graphic file (type png)
<use kn5.png>
Package pdftex.def Info: kn5.png  used on input line 76.
(pdftex.def)             Requested size: 227.62204pt x 170.71304pt.
 [1

{C:/Users/legua/AppData/Local/MiKTeX/2.9/pdftex/config/pdftex.map} <./kn1.png (
PNG copy)> <./kn2.png (PNG copy)> <./kn3.png (PNG copy)> <./kn4.png (PNG copy)>
 <./kn5.png (PNG copy)>]
<kr00.png, id=15, 410.0118pt x 327.8649pt>
File: kr00.png Graphic file (type png)
<use kr00.png>
Package pdftex.def Info: kr00.png  used on input line 89.
(pdftex.def)             Requested size: 227.62204pt x 182.0172pt.
<kr01.png, id=17, 410.0118pt x 327.8649pt>
File: kr01.png Graphic file (type png)
<use kr01.png>
Package pdftex.def Info: kr01.png  used on input line 91.
(pdftex.def)             Requested size: 227.62204pt x 182.0172pt.
<kr02.png, id=18, 410.0118pt x 327.8649pt>
File: kr02.png Graphic file (type png)
<use kr02.png>
Package pdftex.def Info: kr02.png  used on input line 93.
(pdftex.def)             Requested size: 227.62204pt x 182.0172pt.
<kr03.png, id=19, 410.0118pt x 327.8649pt>
File: kr03.png Graphic file (type png)
<use kr03.png>
Package pdftex.def Info: kr03.png  used on input line 95.
(pdftex.def)             Requested size: 227.62204pt x 182.0172pt.
<kr04.png, id=20, 410.0118pt x 327.8649pt>
File: kr04.png Graphic file (type png)
<use kr04.png>
Package pdftex.def Info: kr04.png  used on input line 97.
(pdftex.def)             Requested size: 227.62204pt x 182.0172pt.


LaTeX Warning: `h' float specifier changed to `ht'.

LaTeX Font Info:    External font `cmex10' loaded for size
(Font)              <10.95> on input line 99.

Underfull \hbox (badness 10000) in paragraph at lines 99--104

 []

<kr10.png, id=21, 410.0118pt x 327.8649pt>
File: kr10.png Graphic file (type png)
<use kr10.png>
Package pdftex.def Info: kr10.png  used on input line 107.
(pdftex.def)             Requested size: 227.62204pt x 182.0172pt.
<kr11.png, id=22, 410.0118pt x 327.8649pt>
File: kr11.png Graphic file (type png)
<use kr11.png>
Package pdftex.def Info: kr11.png  used on input line 109.
(pdftex.def)             Requested size: 227.62204pt x 182.0172pt.
<kr12.png, id=23, 410.0118pt x 327.8649pt>
File: kr12.png Graphic file (type png)
<use kr12.png>
Package pdftex.def Info: kr12.png  used on input line 111.
(pdftex.def)             Requested size: 227.62204pt x 182.0172pt.
<kr13.png, id=24, 410.0118pt x 327.8649pt>
File: kr13.png Graphic file (type png)
<use kr13.png>
Package pdftex.def Info: kr13.png  used on input line 113.
(pdftex.def)             Requested size: 227.62204pt x 182.0172pt.
<kr14.png, id=25, 410.0118pt x 327.8649pt>
File: kr14.png Graphic file (type png)
<use kr14.png>
Package pdftex.def Info: kr14.png  used on input line 115.
(pdftex.def)             Requested size: 227.62204pt x 182.0172pt.

LaTeX Warning: `h' float specifier changed to `ht'.


Underfull \hbox (badness 10000) in paragraph at lines 117--122

 []

<kr20.png, id=26, 410.0118pt x 327.8649pt>
File: kr20.png Graphic file (type png)
<use kr20.png>
Package pdftex.def Info: kr20.png  used on input line 125.
(pdftex.def)             Requested size: 227.62204pt x 182.0172pt.
<kr21.png, id=27, 418.2024pt x 327.8649pt>
File: kr21.png Graphic file (type png)
<use kr21.png>
Package pdftex.def Info: kr21.png  used on input line 127.
(pdftex.def)             Requested size: 227.62204pt x 178.45518pt.
<kr22.png, id=28, 410.0118pt x 327.8649pt>
File: kr22.png Graphic file (type png)
<use kr22.png>
Package pdftex.def Info: kr22.png  used on input line 129.
(pdftex.def)             Requested size: 227.62204pt x 182.0172pt.
<kr23.png, id=29, 410.0118pt x 327.8649pt>
File: kr23.png Graphic file (type png)
<use kr23.png>
Package pdftex.def Info: kr23.png  used on input line 131.
(pdftex.def)             Requested size: 227.62204pt x 182.0172pt.
<kr24.png, id=30, 410.0118pt x 327.8649pt>
File: kr24.png Graphic file (type png)
<use kr24.png>
Package pdftex.def Info: kr24.png  used on input line 133.
(pdftex.def)             Requested size: 227.62204pt x 182.0172pt.

LaTeX Warning: `h' float specifier changed to `ht'.


Underfull \hbox (badness 10000) in paragraph at lines 135--140

 []

<kr30.png, id=31, 410.0118pt x 327.8649pt>
File: kr30.png Graphic file (type png)
<use kr30.png>
Package pdftex.def Info: kr30.png  used on input line 143.
(pdftex.def)             Requested size: 227.62204pt x 182.0172pt.
<kr31.png, id=32, 418.2024pt x 327.8649pt>
File: kr31.png Graphic file (type png)
<use kr31.png>
Package pdftex.def Info: kr31.png  used on input line 145.
(pdftex.def)             Requested size: 227.62204pt x 178.45518pt.
<kr32.png, id=33, 410.0118pt x 327.8649pt>
File: kr32.png Graphic file (type png)
<use kr32.png>
Package pdftex.def Info: kr32.png  used on input line 147.
(pdftex.def)             Requested size: 227.62204pt x 182.0172pt.
<kr33.png, id=34, 410.0118pt x 327.8649pt>
File: kr33.png Graphic file (type png)
<use kr33.png>
Package pdftex.def Info: kr33.png  used on input line 149.
(pdftex.def)             Requested size: 227.62204pt x 182.0172pt.
<kr34.png, id=35, 410.0118pt x 327.8649pt>
File: kr34.png Graphic file (type png)
<use kr34.png>
Package pdftex.def Info: kr34.png  used on input line 151.
(pdftex.def)             Requested size: 227.62204pt x 182.0172pt.

LaTeX Warning: `h' float specifier changed to `ht'.


Underfull \hbox (badness 10000) in paragraph at lines 153--158

 []

<kr40.png, id=36, 410.0118pt x 327.8649pt>
File: kr40.png Graphic file (type png)
<use kr40.png>
Package pdftex.def Info: kr40.png  used on input line 161.
(pdftex.def)             Requested size: 227.62204pt x 182.0172pt.
<kr41.png, id=37, 418.2024pt x 327.8649pt>
File: kr41.png Graphic file (type png)
<use kr41.png>
Package pdftex.def Info: kr41.png  used on input line 163.
(pdftex.def)             Requested size: 227.62204pt x 178.45518pt.
<kr42.png, id=38, 410.0118pt x 327.8649pt>
File: kr42.png Graphic file (type png)
<use kr42.png>
Package pdftex.def Info: kr42.png  used on input line 165.
(pdftex.def)             Requested size: 227.62204pt x 182.0172pt.
<kr43.png, id=39, 410.0118pt x 327.8649pt>
File: kr43.png Graphic file (type png)
<use kr43.png>
Package pdftex.def Info: kr43.png  used on input line 167.
(pdftex.def)             Requested size: 227.62204pt x 182.0172pt.
<kr44.png, id=40, 410.0118pt x 327.8649pt>
File: kr44.png Graphic file (type png)
<use kr44.png>
Package pdftex.def Info: kr44.png  used on input line 169.
(pdftex.def)             Requested size: 227.62204pt x 182.0172pt.

LaTeX Warning: `h' float specifier changed to `ht'.


Underfull \hbox (badness 10000) in paragraph at lines 171--176

 []

[2] [3 <./kr00.png> <./kr01.png> <./kr02.png> <./kr03.png> <./kr04.png>]
[4 <./kr10.png> <./kr11.png> <./kr12.png> <./kr13.png> <./kr14.png>] [5 <./kr20
.png> <./kr21.png> <./kr22.png> <./kr23.png> <./kr24.png>] [6 <./kr30.png> <./k
r31.png> <./kr32.png> <./kr33.png> <./kr34.png>] [7 <./kr40.png> <./kr41.png> <
./kr42.png> <./kr43.png> <./kr44.png>] [8

] (week6.aux) ) 
Here is how much of TeX's memory you used:
 4382 strings out of 481545
 70128 string characters out of 2913488
 323343 words of memory out of 3000000
 19564 multiletter control sequences out of 15000+200000
 538702 words of font info for 45 fonts, out of 3000000 for 9000
 1141 hyphenation exceptions out of 8191
 50i,10n,49p,1780b,359s stack positions out of 5000i,500n,10000p,200000b,50000s
<C:/Users/legua/AppData/Local/Programs/MiKTeX 2.9/fonts/type1/pu
blic/amsfonts/cm/cmmi10.pfb><C:/Users/legua/AppData/Local/Programs/MiKTeX 2.9/f
onts/type1/public/amsfonts/cm/cmr10.pfb><C:/Users/legua/AppData/Local/Programs/
MiKTeX 2.9/fonts/type1/public/amsfonts/cm/cmr12.pfb><C:/Users/legua/AppData/Loc
al/Programs/MiKTeX 2.9/fonts/type1/public/amsfonts/cm/cmr17.pfb><C:/Users/legua
/AppData/Local/Programs/MiKTeX 2.9/fonts/type1/public/amsfonts/cm/cmr8.pfb><C:/
Users/legua/AppData/Local/Programs/MiKTeX 2.9/fonts/type1/public/amsfonts/cm/cm
r9.pfb><C:/Users/legua/AppData/Local/Programs/MiKTeX 2.9/fonts/type1/public/ams
fonts/cm/cmss12.pfb><C:/Users/legua/AppData/Local/Programs/MiKTeX 2.9/fonts/typ
e1/public/amsfonts/cm/cmsy10.pfb>
Output written on week6.pdf (8 pages, 1963467 bytes).
PDF statistics:
 117 PDF objects out of 1000 (max. 8388607)
 0 named destinations out of 1000 (max. 500000)
 151 words of extra memory for PDF output out of 10000 (max. 10000000)

